-------------------------------------------------------------------------------
Test set: runner.RunCucumber
-------------------------------------------------------------------------------
Tests run: 1, Failures: 1, Errors: 0, Skipped: 0, Time elapsed: 6.733 s <<< FAILURE! - in runner.RunCucumber
Acessando tela de contato da SoftExpert.Acessando tela de contato do Brasil  Time elapsed: 5.896 s  <<< FAILURE!
org.junit.ComparisonFailure: Erro ao validar mensagens! expected:<...l para a sua empresa[s]> but was:<...l para a sua empresa[]>

