<?xml version="1.0" encoding="UTF-8"?>
<testsuite xmlns:xsi="http://www.w3.org/2001/XMLSchema-instance" xsi:noNamespaceSchemaLocation="https://maven.apache.org/surefire/maven-surefire-plugin/xsd/surefire-test-report-3.0.xsd" version="3.0" name="runner.RunCucumber" time="83.957" tests="1" errors="0" skipped="0" failures="0">
  <properties>
[...]
</properties>
  <testcase name="Acessando tela de contato do Brasil" classname="Acessando tela de contato da SoftExpert" time="83.218">
    <system-out><![CDATA[##################################
Vai validar mensagem: Encontre a solução ideal para a sua empresa
Validou mensagem: Encontre a solução ideal para a sua empresa
##################################
##################################
Vai clicar no elemento: By.xpath: //li[@id='menu-item-40353']/a[text()='Contato']
********** Aconteceu um erro ao tentar clicar no elemento: By.xpath: //li[@id='menu-item-40353']/a[text()='Contato']
org.openqa.selenium.TimeoutException: Expected condition failed: waiting for element to be clickable: By.xpath: //li[@id='menu-item-40353']/a[text()='Contato'] (tried for 15 second(s) with 500 milliseconds interval)
Build info: version: '3.141.59', revision: 'e82be7d358', time: '2018-11-14T08:17:03'
System info: host: 'LYON', ip: '192.168.0.104', os.name: 'Windows 8.1', os.arch: 'amd64', os.version: '6.3', java.version: '1.8.0'
Driver info: org.openqa.selenium.chrome.ChromeDriver
Capabilities {acceptInsecureCerts: false, browserName: chrome, browserVersion: 117.0.5938.92, chrome: {chromedriverVersion: 117.0.5938.92 (67649b10b92b..., userDataDir: C:\Users\thiag\AppData\Loca...}, fedcm:accounts: true, goog:chromeOptions: {debuggerAddress: localhost:65395}, javascriptEnabled: true, networkConnectionEnabled: false, pageLoadStrategy: normal, platform: WINDOWS, platformName: WINDOWS, proxy: Proxy(), setWindowRect: true, strictFileInteractability: false, timeouts: {implicit: 0, pageLoad: 300000, script: 30000}, unhandledPromptBehavior: dismiss and notify, webauthn:extension:credBlob: true, webauthn:extension:largeBlob: true, webauthn:extension:minPinLength: true, webauthn:extension:prf: true, webauthn:virtualAuthenticators: true}
Session ID: f7e16d053bcba674d9acebc88cb5eecc
##################################
##################################
Vai clicar no elemento: By.xpath: //a[@class='w-tabs-item-h']/span[text()='América do Sul']
********** Aconteceu um erro ao tentar clicar no elemento: By.xpath: //a[@class='w-tabs-item-h']/span[text()='América do Sul']
org.openqa.selenium.TimeoutException: Expected condition failed: waiting for element to be clickable: By.xpath: //a[@class='w-tabs-item-h']/span[text()='América do Sul'] (tried for 15 second(s) with 500 milliseconds interval)
##################################
##################################
Vai clicar no elemento: By.xpath: //div[@class='wpb_wrapper']/a[text()='Brasil']
********** Aconteceu um erro ao tentar clicar no elemento: By.xpath: //div[@class='wpb_wrapper']/a[text()='Brasil']
org.openqa.selenium.TimeoutException: Expected condition failed: waiting for element to be clickable: By.xpath: //div[@class='wpb_wrapper']/a[text()='Brasil'] (tried for 15 second(s) with 500 milliseconds interval)
##################################
##################################
Vai validar mensagem: Copyright © SoftExpert Software for Performance Excellence.
All trademarks, trade names, service marks, and logos referenced herein belong to their respective companies.
Validou mensagem: Copyright © SoftExpert Software for Performance Excellence.
All trademarks, trade names, service marks, and logos referenced herein belong to their respective companies.
##################################
===================
Teste executado: Acessando tela de contato do Brasil
Status: PASSED
Tag: [@contato, @contato-brasil]
===================
===================
Teste executado: Acessando tela de contato do Brasil
Status: PASSED
Tag: [@contato, @contato-brasil]
===================
]]></system-out>
    <system-err><![CDATA[Starting ChromeDriver 117.0.5938.92 (67649b10b92bb182fba357831ef7dd6a1baa5648-refs/branch-heads/5938_62@{#14}) on port 3903
Only local connections are allowed.
Please see https://chromedriver.chromium.org/security-considerations for suggestions on keeping ChromeDriver safe.
ChromeDriver was started successfully.
set 27, 2023 10:27:14 AM org.openqa.selenium.remote.ProtocolHandshake createSession
INFORMAÇÕES: Detected dialect: W3C
]]></system-err>
  </testcase>
</testsuite>